
> frontend@0.1.0 dev
> next dev

   ▲ Next.js 16.0.10 (Turbopack)
   - Local:         http://localhost:3000
   - Network:       http://192.168.86.22:3000
   - Environments: .env.local

 ✓ Starting...
[baseline-browser-mapping] The data in this module is over two months old.  To ensure accurate Baseline data, please update: `npm i baseline-browser-mapping@latest -D`
 ✓ Ready in 1000ms
 GET /events/1 200 in 2.5s (compile: 2.4s, render: 90ms)
 GET /events/1 200 in 100ms (compile: 45ms, render: 55ms)
 GET /my-events 200 in 421ms (compile: 380ms, render: 42ms)
 GET / 200 in 341ms (compile: 318ms, render: 24ms)
 GET /register 200 in 595ms (compile: 560ms, render: 35ms)
 GET /login 200 in 467ms (compile: 415ms, render: 53ms)
 GET /my-events 200 in 64ms (compile: 26ms, render: 39ms)
 GET /events/1 200 in 36ms (compile: 18ms, render: 19ms)
 GET /events/2 200 in 29ms (compile: 14ms, render: 16ms)
 GET /events 200 in 520ms (compile: 478ms, render: 41ms)
 GET /my-events 200 in 108ms (compile: 46ms, render: 62ms)
 GET /events/3 200 in 44ms (compile: 17ms, render: 27ms)
